<?xml version="1.0" encoding="UTF-8"?>
<!-- Generated by org.testng.reporters.JUnitReportReporter -->
<testsuite hostname="max" failures="0" tests="4" name="tests.MyCourses" time="70.136" errors="0" timestamp="2020-07-06T16:20:22 EET" skipped="0">
  <testcase classname="tests.MyCourses" name="openFirstCoursecontent" time="19.252"/>
  <system-out/>
  <testcase classname="tests.MyCourses" name="openThirdCourseContent" time="15.492"/>
  <system-out/>
  <testcase classname="tests.MyCourses" name="openCoursesPage" time="18.603"/>
  <system-out/>
  <testcase classname="tests.MyCourses" name="openSecondCourseContent" time="16.789"/>
  <system-out/>
</testsuite> <!-- tests.MyCourses -->
