<?xml version="1.0" encoding="UTF-8"?>
<!-- Generated by org.testng.reporters.JUnitReportReporter -->
<testsuite hostname="max" failures="0" tests="2" name="examsTests.Exams_Report" time="5.482" errors="0" timestamp="2021-01-17T14:43:15 EET" skipped="0">
  <testcase classname="examsTests.Exams_Report" name="openExamReports" time="1.308"/>
  <system-out/>
  <testcase classname="examsTests.Exams_Report" name="viewReports" time="4.174"/>
  <system-out/>
</testsuite> <!-- examsTests.Exams_Report -->
