<?xml version="1.0" encoding="UTF-8"?>
<!-- Generated by org.testng.reporters.JUnitReportReporter -->
<testsuite hostname="max" failures="0" tests="5" name="anonymousUserTests.LanguageTest" time="15.025" errors="0" timestamp="2021-02-18T16:45:45 EET" skipped="4">
  <testcase classname="anonymousUserTests.LanguageTest" name="openHomepageInENGLISHlanguage" time="15.025"/>
  <system-out/>
  <testcase classname="anonymousUserTests.LanguageTest" name="openHomepageInPortugueslanguage">
    <skipped/>
  </testcase> <!-- openHomepageInPortugueslanguage -->
  <system-out/>
  <testcase classname="anonymousUserTests.LanguageTest" name="openHomepageInARABIClanguage">
    <skipped/>
  </testcase> <!-- openHomepageInARABIClanguage -->
  <system-out/>
  <testcase classname="anonymousUserTests.LanguageTest" name="openHomepageInFrancaislanguage">
    <skipped/>
  </testcase> <!-- openHomepageInFrancaislanguage -->
  <system-out/>
  <testcase classname="anonymousUserTests.LanguageTest" name="openHomepageInEspanollanguage">
    <skipped/>
  </testcase> <!-- openHomepageInEspanollanguage -->
  <system-out/>
</testsuite> <!-- anonymousUserTests.LanguageTest -->
