<?xml version="1.0" encoding="UTF-8"?>
<!-- Generated by org.testng.reporters.JUnitReportReporter -->
<testsuite hostname="max" failures="0" tests="4" name="loginUserTests.View_Worksheet_of_Lesson_Content" time="56.716" errors="0" timestamp="2021-01-17T14:43:15 EET" skipped="0">
  <testcase classname="loginUserTests.View_Worksheet_of_Lesson_Content" name="openCoursesPage" time="28.114"/>
  <system-out/>
  <testcase classname="loginUserTests.View_Worksheet_of_Lesson_Content" name="openFirstCoursecontent" time="12.643"/>
  <system-out/>
  <testcase classname="loginUserTests.View_Worksheet_of_Lesson_Content" name="openlessoncontent" time="5.766"/>
  <system-out/>
  <testcase classname="loginUserTests.View_Worksheet_of_Lesson_Content" name="viewWorksheetofLesson" time="10.193"/>
  <system-out/>
</testsuite> <!-- loginUserTests.View_Worksheet_of_Lesson_Content -->
