<?xml version="1.0" encoding="UTF-8"?>
<!-- Generated by org.testng.reporters.JUnitReportReporter -->
<testsuite hostname="max" failures="0" tests="2" name="assessmentsTests.SolvingMCQassessmentTest" time="24.153" errors="0" timestamp="2020-11-22T17:27:15 EET" skipped="0">
  <testcase classname="assessmentsTests.SolvingMCQassessmentTest" name="assessmentsolving" time="20.094"/>
  <system-out/>
  <testcase classname="assessmentsTests.SolvingMCQassessmentTest" name="openassessment" time="4.059"/>
  <system-out/>
</testsuite> <!-- assessmentsTests.SolvingMCQassessmentTest -->
