<?xml version="1.0" encoding="UTF-8"?>
<!-- Generated by org.testng.reporters.JUnitReportReporter -->
<testsuite hostname="max" failures="0" tests="3" name="coursesTests.CoursesTest" time="17.401" errors="0" timestamp="2021-01-17T14:43:15 EET" skipped="0">
  <testcase classname="coursesTests.CoursesTest" name="openCoursesPage" time="5.856"/>
  <system-out/>
  <testcase classname="coursesTests.CoursesTest" name="openFirstCoursecontent" time="4.590"/>
  <system-out/>
  <testcase classname="coursesTests.CoursesTest" name="openSecondCourseContent" time="6.955"/>
  <system-out/>
</testsuite> <!-- coursesTests.CoursesTest -->
