<?xml version="1.0" encoding="UTF-8"?>
<!-- Generated by org.testng.reporters.JUnitReportReporter -->
<testsuite hostname="max" failures="0" tests="2" name="tests.SignInandSignOut" time="8.679" errors="0" timestamp="2020-05-13T10:59:55 EET" skipped="0">
  <testcase classname="tests.SignInandSignOut" name="userCanSigiIn" time="7.465"/>
  <system-out/>
  <testcase classname="tests.SignInandSignOut" name="usercansignout" time="1.214"/>
  <system-out/>
</testsuite> <!-- tests.SignInandSignOut -->
