<?xml version="1.0" encoding="UTF-8"?>
<!-- Generated by org.testng.reporters.JUnitReportReporter -->
<testsuite hostname="max" failures="0" tests="4" name="anonymousUserTests.ExplainersTest" time="46.272" errors="0" timestamp="2021-01-10T16:23:43 EET" skipped="0">
  <testcase classname="anonymousUserTests.ExplainersTest" name="openexplainer" time="5.495"/>
  <system-out/>
  <testcase classname="anonymousUserTests.ExplainersTest" name="openiteminexplainerlink1" time="15.320"/>
  <system-out/>
  <testcase classname="anonymousUserTests.ExplainersTest" name="openiteminexplainerlink2" time="19.784"/>
  <system-out/>
  <testcase classname="anonymousUserTests.ExplainersTest" name="openiteminexplainerlink3" time="5.673"/>
  <system-out/>
</testsuite> <!-- anonymousUserTests.ExplainersTest -->
