<?xml version="1.0" encoding="UTF-8"?>
<!-- Generated by org.testng.reporters.JUnitReportReporter -->
<testsuite hostname="max" failures="0" tests="1" name="tests.BE_Applyforjob" time="9.136" errors="0" timestamp="2020-07-12T14:15:46 EET" skipped="0">
  <testcase classname="tests.BE_Applyforjob" name="applyforajob" time="9.136"/>
  <system-out/>
</testsuite> <!-- tests.BE_Applyforjob -->
