<?xml version="1.0" encoding="UTF-8"?>
<!-- Generated by org.testng.reporters.JUnitReportReporter -->
<testsuite hostname="max" failures="0" tests="3" name="anonymousUserTests.CoursesTest" time="36.029" errors="0" timestamp="2021-01-10T16:23:43 EET" skipped="0">
  <testcase classname="anonymousUserTests.CoursesTest" name="Courses" time="19.121"/>
  <system-out/>
  <testcase classname="anonymousUserTests.CoursesTest" name="openlessonlinknumber2" time="9.829"/>
  <system-out/>
  <testcase classname="anonymousUserTests.CoursesTest" name="opencourselinknumber11" time="7.079"/>
  <system-out/>
</testsuite> <!-- anonymousUserTests.CoursesTest -->
