<?xml version="1.0" encoding="UTF-8"?>
<!-- Generated by org.testng.reporters.JUnitReportReporter -->
<testsuite hostname="max" failures="0" tests="4" name="classesTests.ClassesTest" time="18.837" errors="0" timestamp="2021-01-17T14:43:15 EET" skipped="0">
  <testcase classname="classesTests.ClassesTest" name="openclassespage" time="2.626"/>
  <system-out/>
  <testcase classname="classesTests.ClassesTest" name="openfirstclass" time="7.713"/>
  <system-out/>
  <testcase classname="classesTests.ClassesTest" name="opensecondclass" time="4.009"/>
  <system-out/>
  <testcase classname="classesTests.ClassesTest" name="openfourthclass" time="4.489"/>
  <system-out/>
</testsuite> <!-- classesTests.ClassesTest -->
