<?xml version="1.0" encoding="UTF-8"?>
<!-- Generated by org.testng.reporters.JUnitReportReporter -->
<testsuite hostname="max" failures="0" tests="1" name="anonymousUserTests.PrivacyPolicyTest" time="2.628" errors="0" timestamp="2021-02-14T12:15:21 EET" skipped="0">
  <testcase classname="anonymousUserTests.PrivacyPolicyTest" name="privcytest" time="2.628"/>
  <system-out/>
</testsuite> <!-- anonymousUserTests.PrivacyPolicyTest -->
