<?xml version="1.0" encoding="UTF-8"?>
<!-- Generated by org.testng.reporters.JUnitReportReporter -->
<testsuite hostname="max" failures="0" tests="2" name="tests.ExamesBeforesignin" time="119.982" errors="0" timestamp="2020-06-15T16:59:29 EET" skipped="0">
  <testcase classname="tests.ExamesBeforesignin" name="openlinksinsidegrades" time="117.627"/>
  <system-out/>
  <testcase classname="tests.ExamesBeforesignin" name="openExamesPage" time="2.355"/>
  <system-out/>
</testsuite> <!-- tests.ExamesBeforesignin -->
