<?xml version="1.0" encoding="UTF-8"?>
<!-- Generated by org.testng.reporters.JUnitReportReporter -->
<testsuite hostname="max" failures="0" tests="2" name="tests.ExplainersTest" time="3.977" errors="0" timestamp="2020-06-15T16:59:29 EET" skipped="0">
  <testcase classname="tests.ExplainersTest" name="openexplainer" time="0.917"/>
  <system-out/>
  <testcase classname="tests.ExplainersTest" name="openiteminexplainerlink" time="3.060"/>
  <system-out/>
</testsuite> <!-- tests.ExplainersTest -->
