<?xml version="1.0" encoding="UTF-8"?>
<!-- Generated by org.testng.reporters.JUnitReportReporter -->
<testsuite hostname="max" failures="0" tests="4" name="loginUserTests.Switch_between_lesson_content" time="82.025" errors="0" timestamp="2021-01-17T14:43:15 EET" skipped="0">
  <testcase classname="loginUserTests.Switch_between_lesson_content" name="openCoursesPage" time="3.481"/>
  <system-out/>
  <testcase classname="loginUserTests.Switch_between_lesson_content" name="openFirstCoursecontent" time="4.463"/>
  <system-out/>
  <testcase classname="loginUserTests.Switch_between_lesson_content" name="openlessoncontent" time="15.735"/>
  <system-out/>
  <testcase classname="loginUserTests.Switch_between_lesson_content" name="switchBetweenLessonContent" time="58.346"/>
  <system-out/>
</testsuite> <!-- loginUserTests.Switch_between_lesson_content -->
