<?xml version="1.0" encoding="UTF-8"?>
<!-- Generated by org.testng.reporters.JUnitReportReporter -->
<testsuite hostname="max" failures="0" tests="4" name="tests.BE_CareersTest" time="11.560" errors="0" timestamp="2020-07-12T14:15:46 EET" skipped="0">
  <testcase classname="tests.BE_CareersTest" name="opencareerspage" time="1.839"/>
  <system-out/>
  <testcase classname="tests.BE_CareersTest" name="viewunitedkingdomcareers" time="3.246"/>
  <system-out/>
  <testcase classname="tests.BE_CareersTest" name="viewunitedstatecareers" time="3.240"/>
  <system-out/>
  <testcase classname="tests.BE_CareersTest" name="viewegyptcareers" time="3.235"/>
  <system-out/>
</testsuite> <!-- tests.BE_CareersTest -->
