<?xml version="1.0" encoding="UTF-8"?>
<!-- Generated by org.testng.reporters.JUnitReportReporter -->
<testsuite hostname="max" failures="0" tests="28" name="tests.UserGiudeTest" time="462.933" errors="0" timestamp="2020-06-15T16:59:29 EET" skipped="0">
  <testcase classname="tests.UserGiudeTest" name="openusergiudepage" time="4.141"/>
  <system-out/>
  <testcase classname="tests.UserGiudeTest" name="openAdminVideos1" time="16.442"/>
  <system-out/>
  <testcase classname="tests.UserGiudeTest" name="openAdminVideos2" time="15.710"/>
  <system-out/>
  <testcase classname="tests.UserGiudeTest" name="openAdminVideos3" time="17.995"/>
  <system-out/>
  <testcase classname="tests.UserGiudeTest" name="openAdminVideos4" time="16.944"/>
  <system-out/>
  <testcase classname="tests.UserGiudeTest" name="openAdminVideos5" time="18.568"/>
  <system-out/>
  <testcase classname="tests.UserGiudeTest" name="openAdminVideos6" time="17.377"/>
  <system-out/>
  <testcase classname="tests.UserGiudeTest" name="openAdminVideos7" time="17.562"/>
  <system-out/>
  <testcase classname="tests.UserGiudeTest" name="openAdminVideos8" time="15.799"/>
  <system-out/>
  <testcase classname="tests.UserGiudeTest" name="openAdminVideos9" time="16.494"/>
  <system-out/>
  <testcase classname="tests.UserGiudeTest" name="openAdminVideos10" time="17.279"/>
  <system-out/>
  <testcase classname="tests.UserGiudeTest" name="openAdminVideos11" time="17.268"/>
  <system-out/>
  <testcase classname="tests.UserGiudeTest" name="openEducatorsVideos1" time="16.879"/>
  <system-out/>
  <testcase classname="tests.UserGiudeTest" name="openEducatorsVideos2" time="16.830"/>
  <system-out/>
  <testcase classname="tests.UserGiudeTest" name="openEducatorsVideos3" time="17.118"/>
  <system-out/>
  <testcase classname="tests.UserGiudeTest" name="openEducatorsVideos4" time="16.577"/>
  <system-out/>
  <testcase classname="tests.UserGiudeTest" name="openEducatorsVideos5" time="16.520"/>
  <system-out/>
  <testcase classname="tests.UserGiudeTest" name="openEducatorsVideos6" time="16.150"/>
  <system-out/>
  <testcase classname="tests.UserGiudeTest" name="openEducatorsVideos7" time="17.079"/>
  <system-out/>
  <testcase classname="tests.UserGiudeTest" name="openEducatorsVideos8" time="17.856"/>
  <system-out/>
  <testcase classname="tests.UserGiudeTest" name="openEducatorsVideos9" time="18.152"/>
  <system-out/>
  <testcase classname="tests.UserGiudeTest" name="openEducatorsVideos10" time="16.929"/>
  <system-out/>
  <testcase classname="tests.UserGiudeTest" name="openstudentVideos1" time="16.791"/>
  <system-out/>
  <testcase classname="tests.UserGiudeTest" name="openstudentVideos2" time="15.651"/>
  <system-out/>
  <testcase classname="tests.UserGiudeTest" name="openstudentVideos3" time="16.380"/>
  <system-out/>
  <testcase classname="tests.UserGiudeTest" name="openstudentVideos4" time="17.286"/>
  <system-out/>
  <testcase classname="tests.UserGiudeTest" name="openstudentVideos5" time="17.559"/>
  <system-out/>
  <testcase classname="tests.UserGiudeTest" name="openstudentVideos6" time="17.597"/>
  <system-out/>
</testsuite> <!-- tests.UserGiudeTest -->
