<?xml version="1.0" encoding="UTF-8"?>
<!-- Generated by org.testng.reporters.JUnitReportReporter -->
<testsuite hostname="max" failures="0" tests="2" name="tests.BE_SearchForSubject" time="2.669" errors="0" timestamp="2020-07-20T15:54:29 EET" skipped="0">
  <testcase classname="tests.BE_SearchForSubject" name="searchForSubject" time="1.261"/>
  <system-out/>
  <testcase classname="tests.BE_SearchForSubject" name="openresultandcheckitscontent" time="1.408"/>
  <system-out/>
</testsuite> <!-- tests.BE_SearchForSubject -->
