<?xml version="1.0" encoding="UTF-8"?>
<!-- Generated by org.testng.reporters.JUnitReportReporter -->
<testsuite hostname="max" failures="0" tests="5" name="tests.BE_LanguageTest" time="14.795" errors="0" timestamp="2020-07-27T10:51:17 EET" skipped="4">
  <testcase classname="tests.BE_LanguageTest" name="openHomepageInENGLISHlanguage" time="14.795"/>
  <system-out/>
  <testcase classname="tests.BE_LanguageTest" name="openHomepageInFrancaislanguage">
    <skipped/>
  </testcase> <!-- openHomepageInFrancaislanguage -->
  <system-out/>
  <testcase classname="tests.BE_LanguageTest" name="openHomepageInARABIClanguage">
    <skipped/>
  </testcase> <!-- openHomepageInARABIClanguage -->
  <system-out/>
  <testcase classname="tests.BE_LanguageTest" name="openHomepageInPortugueslanguage">
    <skipped/>
  </testcase> <!-- openHomepageInPortugueslanguage -->
  <system-out/>
  <testcase classname="tests.BE_LanguageTest" name="openHomepageInEspanollanguage">
    <skipped/>
  </testcase> <!-- openHomepageInEspanollanguage -->
  <system-out/>
</testsuite> <!-- tests.BE_LanguageTest -->
