<?xml version="1.0" encoding="UTF-8"?>
<!-- Generated by org.testng.reporters.JUnitReportReporter -->
<testsuite hostname="max" failures="0" tests="2" name="tests.SubjectTest" time="7.455" errors="0" timestamp="2020-05-14T14:29:45 EET" skipped="1">
  <testcase classname="tests.SubjectTest" name="openMakingteennumberswithtensandones" time="7.455"/>
  <system-out/>
  <testcase classname="tests.SubjectTest" name="openWritingNumbersUpTo20InWords">
    <skipped/>
  </testcase> <!-- openWritingNumbersUpTo20InWords -->
  <system-out/>
</testsuite> <!-- tests.SubjectTest -->
