<?xml version="1.0" encoding="UTF-8"?>
<!-- Generated by org.testng.reporters.JUnitReportReporter -->
<testsuite hostname="max" failures="0" tests="2" name="assessmentsTests.FREE_FORM_Editing" time="249.300" errors="0" timestamp="2021-01-17T14:43:15 EET" skipped="0">
  <testcase classname="assessmentsTests.FREE_FORM_Editing" name="openassessment" time="23.710"/>
  <system-out/>
  <testcase classname="assessmentsTests.FREE_FORM_Editing" name="assessmentsolving" time="225.590"/>
  <system-out/>
</testsuite> <!-- assessmentsTests.FREE_FORM_Editing -->
