<?xml version="1.0" encoding="UTF-8"?>
<!-- Generated by org.testng.reporters.JUnitReportReporter -->
<testsuite hostname="max" failures="0" tests="2" name="tests.ExploreOurContent" time="3.677" errors="0" timestamp="2020-06-01T11:39:21 EET" skipped="0">
  <testcase classname="tests.ExploreOurContent" name="exploreEgyptContent" time="2.307"/>
  <system-out/>
  <testcase classname="tests.ExploreOurContent" name="exploreindiancountrycontent" time="1.370"/>
  <system-out/>
</testsuite> <!-- tests.ExploreOurContent -->
