<?xml version="1.0" encoding="UTF-8"?>
<!-- Generated by org.testng.reporters.JUnitReportReporter -->
<testsuite hostname="max" failures="0" tests="2" name="tests.BE_GradesTest" time="44.889" errors="0" timestamp="2020-07-27T13:19:26 EET" skipped="0">
  <testcase classname="tests.BE_GradesTest" name="opengradespage" time="1.670"/>
  <system-out/>
  <testcase classname="tests.BE_GradesTest" name="openlinksinsidegrades" time="43.219"/>
  <system-out/>
</testsuite> <!-- tests.BE_GradesTest -->
