<?xml version="1.0" encoding="UTF-8"?>
<!-- Generated by org.testng.reporters.JUnitReportReporter -->
<testsuite hostname="max" failures="0" tests="2" name="anonymousUserTests.SearchForLessonTest" time="9.347" errors="0" timestamp="2021-02-11T10:37:05 EET" skipped="0">
  <testcase classname="anonymousUserTests.SearchForLessonTest" name="searchForSubject" time="2.342"/>
  <system-out/>
  <testcase classname="anonymousUserTests.SearchForLessonTest" name="openresultandcheckitscontent" time="7.005"/>
  <system-out/>
</testsuite> <!-- anonymousUserTests.SearchForLessonTest -->
