<?xml version="1.0" encoding="UTF-8"?>
<!-- Generated by org.testng.reporters.JUnitReportReporter -->
<testsuite hostname="max" failures="0" tests="2" name="assessmentsTests.EditMCQassessmentAnswers" time="220.743" errors="0" timestamp="2020-11-23T16:49:35 EET" skipped="0">
  <testcase classname="assessmentsTests.EditMCQassessmentAnswers" name="assessmentsolving" time="195.956"/>
  <system-out/>
  <testcase classname="assessmentsTests.EditMCQassessmentAnswers" name="openassessment" time="24.787"/>
  <system-out/>
</testsuite> <!-- assessmentsTests.EditMCQassessmentAnswers -->
