<?xml version="1.0" encoding="UTF-8"?>
<!-- Generated by org.testng.reporters.JUnitReportReporter -->
<testsuite hostname="max" failures="0" tests="4" name="examsTests.FE_Exames" time="0.000" errors="0" timestamp="2020-07-29T11:19:44 EET" skipped="4">
  <testcase classname="examsTests.FE_Exames" name="openAssignmentspage" time="0.000">
    <skipped/>
  </testcase> <!-- openAssignmentspage -->
  <system-out/>
  <testcase classname="examsTests.FE_Exames" name="openExamespage" time="0.000">
    <skipped/>
  </testcase> <!-- openExamespage -->
  <system-out/>
  <testcase classname="examsTests.FE_Exames" name="startExam" time="0.000">
    <skipped/>
  </testcase> <!-- startExam -->
  <system-out/>
  <testcase classname="examsTests.FE_Exames" name="solveExam" time="0.000">
    <skipped/>
  </testcase> <!-- solveExam -->
  <system-out/>
</testsuite> <!-- examsTests.FE_Exames -->
