<?xml version="1.0" encoding="UTF-8"?>
<!-- Generated by org.testng.reporters.JUnitReportReporter -->
<testsuite hostname="max" failures="0" tests="1" name="tests.SubjectVideo" time="2.093" errors="0" timestamp="2020-05-14T11:34:58 EET" skipped="0">
  <testcase classname="tests.SubjectVideo" name="opensubjectkg2" time="2.093"/>
  <system-out/>
</testsuite> <!-- tests.SubjectVideo -->
