<?xml version="1.0" encoding="UTF-8"?>
<!-- Generated by org.testng.reporters.JUnitReportReporter -->
<testsuite hostname="max" failures="0" tests="2" name="assessmentsTests.FRQ_Editing" time="433.463" errors="0" timestamp="2021-01-17T14:43:15 EET" skipped="0">
  <testcase classname="assessmentsTests.FRQ_Editing" name="openassessment" time="16.147"/>
  <system-out/>
  <testcase classname="assessmentsTests.FRQ_Editing" name="editfrq" time="417.316"/>
  <system-out/>
</testsuite> <!-- assessmentsTests.FRQ_Editing -->
