<?xml version="1.0" encoding="UTF-8"?>
<!-- Generated by org.testng.reporters.JUnitReportReporter -->
<testsuite hostname="max" failures="0" tests="2" name="assessmentsTests.MCQ_Editing" time="274.997" errors="0" timestamp="2021-01-17T14:43:15 EET" skipped="0">
  <testcase classname="assessmentsTests.MCQ_Editing" name="assessmentsolving" time="245.852"/>
  <system-out/>
  <testcase classname="assessmentsTests.MCQ_Editing" name="openassessment" time="29.145"/>
  <system-out/>
</testsuite> <!-- assessmentsTests.MCQ_Editing -->
