<?xml version="1.0" encoding="UTF-8"?>
<!-- Generated by org.testng.reporters.JUnitReportReporter -->
<testsuite hostname="max" failures="0" tests="4" name="tests.Exames" time="34.799" errors="0" timestamp="2020-07-06T11:49:03 EET" skipped="0">
  <testcase classname="tests.Exames" name="openAssignmentspage" time="0.697"/>
  <system-out/>
  <testcase classname="tests.Exames" name="openExamespage" time="0.904"/>
  <system-out/>
  <testcase classname="tests.Exames" name="startExam" time="2.881"/>
  <system-out/>
  <testcase classname="tests.Exames" name="solveExam" time="30.317"/>
  <system-out/>
</testsuite> <!-- tests.Exames -->
