<?xml version="1.0" encoding="UTF-8"?>
<!-- Generated by org.testng.reporters.JUnitReportReporter -->
<testsuite hostname="max" failures="0" tests="1" name="tests.MembershipTest" time="11.706" errors="0" timestamp="2020-06-15T16:01:35 EET" skipped="0">
  <testcase classname="tests.MembershipTest" name="createMembership" time="11.706"/>
  <system-out/>
</testsuite> <!-- tests.MembershipTest -->
