<?xml version="1.0" encoding="UTF-8"?>
<!-- Generated by org.testng.reporters.JUnitReportReporter -->
<testsuite hostname="max" failures="0" tests="2" name="assessmentsTests.EditFREEFORMassessmentAnswers" time="173.672" errors="0" timestamp="2020-11-24T10:00:40 EET" skipped="0">
  <testcase classname="assessmentsTests.EditFREEFORMassessmentAnswers" name="openassessment" time="16.180"/>
  <system-out/>
  <testcase classname="assessmentsTests.EditFREEFORMassessmentAnswers" name="assessmentsolving" time="157.492"/>
  <system-out/>
</testsuite> <!-- assessmentsTests.EditFREEFORMassessmentAnswers -->
