<?xml version="1.0" encoding="UTF-8"?>
<!-- Generated by org.testng.reporters.JUnitReportReporter -->
<testsuite hostname="max" failures="0" tests="4" name="tests.SolveAssessments" time="18.529" errors="0" timestamp="2020-06-14T16:15:08 EET" skipped="0">
  <testcase classname="tests.SolveAssessments" name="openassessmentpage" time="5.497"/>
  <system-out/>
  <testcase classname="tests.SolveAssessments" name="solvetheassessment" time="11.125"/>
  <system-out/>
  <testcase classname="tests.SolveAssessments" name="startassessment" time="1.312"/>
  <system-out/>
  <testcase classname="tests.SolveAssessments" name="openassignmentpage" time="0.595"/>
  <system-out/>
</testsuite> <!-- tests.SolveAssessments -->
