<?xml version="1.0" encoding="UTF-8"?>
<!-- Generated by org.testng.reporters.JUnitReportReporter -->
<testsuite hostname="max" failures="0" tests="5" name="tests.LanguageTest" time="2.138" errors="0" timestamp="2020-07-06T16:20:22 EET" skipped="4">
  <testcase classname="tests.LanguageTest" name="openHomepageInENGLISHlanguage" time="2.138"/>
  <system-out/>
  <testcase classname="tests.LanguageTest" name="openHomepageInARABIClanguage">
    <skipped/>
  </testcase> <!-- openHomepageInARABIClanguage -->
  <system-out/>
  <testcase classname="tests.LanguageTest" name="openHomepageInPortugueslanguage">
    <skipped/>
  </testcase> <!-- openHomepageInPortugueslanguage -->
  <system-out/>
  <testcase classname="tests.LanguageTest" name="openHomepageInFrancaislanguage">
    <skipped/>
  </testcase> <!-- openHomepageInFrancaislanguage -->
  <system-out/>
  <testcase classname="tests.LanguageTest" name="openHomepageInEspanollanguage">
    <skipped/>
  </testcase> <!-- openHomepageInEspanollanguage -->
  <system-out/>
</testsuite> <!-- tests.LanguageTest -->
