<?xml version="1.0" encoding="UTF-8"?>
<!-- Generated by org.testng.reporters.JUnitReportReporter -->
<testsuite hostname="max" failures="0" tests="2" name="loginUserTests.Download_File_From_Class" time="8.041" errors="0" timestamp="2021-01-17T14:43:15 EET" skipped="0">
  <testcase classname="loginUserTests.Download_File_From_Class" name="openclassespage" time="0.653"/>
  <system-out/>
  <testcase classname="loginUserTests.Download_File_From_Class" name="openthirdclass" time="7.388"/>
  <system-out/>
</testsuite> <!-- loginUserTests.Download_File_From_Class -->
