<?xml version="1.0" encoding="UTF-8"?>
<!-- Generated by org.testng.reporters.JUnitReportReporter -->
<testsuite hostname="max" failures="0" tests="2" name="tests.GradesBeforeSigninTest" time="42.983" errors="0" timestamp="2020-06-15T16:59:29 EET" skipped="0">
  <testcase classname="tests.GradesBeforeSigninTest" name="openlinksinsidegrades" time="41.080"/>
  <system-out/>
  <testcase classname="tests.GradesBeforeSigninTest" name="opengradespage" time="1.903"/>
  <system-out/>
</testsuite> <!-- tests.GradesBeforeSigninTest -->
