<?xml version="1.0" encoding="UTF-8"?>
<!-- Generated by org.testng.reporters.JUnitReportReporter -->
<testsuite hostname="max" failures="0" tests="1" name="anonymousUserTests.Terms_and_conditions" time="1.393" errors="0" timestamp="2021-02-17T10:19:48 EET" skipped="0">
  <testcase classname="anonymousUserTests.Terms_and_conditions" name="preview_of_term_and_conditions" time="1.393"/>
  <system-out/>
</testsuite> <!-- anonymousUserTests.Terms_and_conditions -->
