<?xml version="1.0" encoding="UTF-8"?>
<!-- Generated by org.testng.reporters.JUnitReportReporter -->
<testsuite hostname="max" failures="0" tests="4" name="tests.ViewReports" time="54.904" errors="0" timestamp="2020-06-29T14:08:22 EET" skipped="0">
  <testcase classname="tests.ViewReports" name="openAssessmentReportsPage" time="1.067"/>
  <system-out/>
  <testcase classname="tests.ViewReports" name="viewReports" time="8.895"/>
  <system-out/>
  <testcase classname="tests.ViewReports" name="openExamReports" time="6.920"/>
  <system-out/>
  <testcase classname="tests.ViewReports" name="openWorksheetReports" time="38.022"/>
  <system-out/>
</testsuite> <!-- tests.ViewReports -->
