<?xml version="1.0" encoding="UTF-8"?>
<!-- Generated by org.testng.reporters.JUnitReportReporter -->
<testsuite hostname="max" failures="0" tests="4" name="tests.AppsTest" time="19.301" errors="0" timestamp="2020-06-15T16:59:29 EET" skipped="0">
  <testcase classname="tests.AppsTest" name="openAppsPages" time="1.469"/>
  <system-out/>
  <testcase classname="tests.AppsTest" name="downloadNagwaStudyFromGooglePlay" time="4.639"/>
  <system-out/>
  <testcase classname="tests.AppsTest" name="downloadNagwaStudyFromAppStore" time="8.052"/>
  <system-out/>
  <testcase classname="tests.AppsTest" name="downloadNagwaStudioFromAppStore" time="5.141"/>
  <system-out/>
</testsuite> <!-- tests.AppsTest -->
