<?xml version="1.0" encoding="UTF-8"?>
<!-- Generated by org.testng.reporters.JUnitReportReporter -->
<testsuite hostname="max" failures="0" tests="1" name="tests.Aboutus" time="1.154" errors="0" timestamp="2020-06-15T16:59:29 EET" skipped="0">
  <testcase classname="tests.Aboutus" name="openaboutuspage" time="1.154"/>
  <system-out/>
</testsuite> <!-- tests.Aboutus -->
