<?xml version="1.0" encoding="UTF-8"?>
<!-- Generated by org.testng.reporters.JUnitReportReporter -->
<testsuite hostname="max" failures="0" tests="1" name="anonymousUserTests.ContactUsTest" time="11.756" errors="0" timestamp="2021-02-14T11:29:50 EET" skipped="0">
  <testcase classname="anonymousUserTests.ContactUsTest" name="contactUs" time="11.756"/>
  <system-out/>
</testsuite> <!-- anonymousUserTests.ContactUsTest -->
