<?xml version="1.0" encoding="UTF-8"?>
<!-- Generated by org.testng.reporters.JUnitReportReporter -->
<testsuite hostname="max" failures="0" tests="2" name="worksheetTest.View_Worksheet_Reports" time="52.386" errors="0" timestamp="2021-01-17T14:43:15 EET" skipped="0">
  <testcase classname="worksheetTest.View_Worksheet_Reports" name="openWorksheetReports" time="1.174"/>
  <system-out/>
  <testcase classname="worksheetTest.View_Worksheet_Reports" name="viewReports" time="51.212"/>
  <system-out/>
</testsuite> <!-- worksheetTest.View_Worksheet_Reports -->
