<?xml version="1.0" encoding="UTF-8"?>
<!-- Generated by org.testng.reporters.JUnitReportReporter -->
<testsuite hostname="max" failures="0" tests="3" name="tests.CoursesTest" time="15.911" errors="0" timestamp="2020-07-12T16:48:05 EET" skipped="0">
  <testcase classname="tests.CoursesTest" name="opencourselinknumber11" time="3.880"/>
  <system-out/>
  <testcase classname="tests.CoursesTest" name="openlessonlinknumber2" time="6.316"/>
  <system-out/>
  <testcase classname="tests.CoursesTest" name="Courses" time="5.715"/>
  <system-out/>
</testsuite> <!-- tests.CoursesTest -->
