<?xml version="1.0" encoding="UTF-8"?>
<!-- Generated by org.testng.reporters.JUnitReportReporter -->
<testsuite hostname="max" failures="0" tests="4" name="tests.Classes" time="8.062" errors="0" timestamp="2020-07-06T14:20:37 EET" skipped="0">
  <testcase classname="tests.Classes" name="openclassespage" time="0.580"/>
  <system-out/>
  <testcase classname="tests.Classes" name="openfirstclass" time="3.375"/>
  <system-out/>
  <testcase classname="tests.Classes" name="opensecondclass" time="2.083"/>
  <system-out/>
  <testcase classname="tests.Classes" name="openfourthclass" time="2.024"/>
  <system-out/>
</testsuite> <!-- tests.Classes -->
