<?xml version="1.0" encoding="UTF-8"?>
<!-- Generated by org.testng.reporters.JUnitReportReporter -->
<testsuite hostname="max" failures="0" tests="4" name="loginUserTests.FE_ClassesTest" time="12.532" errors="0" timestamp="2020-11-16T15:43:22 EET" skipped="0">
  <testcase classname="loginUserTests.FE_ClassesTest" name="openclassespage" time="0.754"/>
  <system-out/>
  <testcase classname="loginUserTests.FE_ClassesTest" name="openfirstclass" time="6.312"/>
  <system-out/>
  <testcase classname="loginUserTests.FE_ClassesTest" name="opensecondclass" time="3.094"/>
  <system-out/>
  <testcase classname="loginUserTests.FE_ClassesTest" name="openfourthclass" time="2.372"/>
  <system-out/>
</testsuite> <!-- loginUserTests.FE_ClassesTest -->
