<?xml version="1.0" encoding="UTF-8"?>
<!-- Generated by org.testng.reporters.JUnitReportReporter -->
<testsuite hostname="max" failures="0" tests="1" name="tests.BE_ContactUsTest" time="4.836" errors="0" timestamp="2020-07-12T14:10:27 EET" skipped="0">
  <testcase classname="tests.BE_ContactUsTest" name="contactUs" time="4.836"/>
  <system-out/>
</testsuite> <!-- tests.BE_ContactUsTest -->
