<?xml version="1.0" encoding="UTF-8"?>
<!-- Generated by org.testng.reporters.JUnitReportReporter -->
<testsuite hostname="max" failures="0" tests="2" name="assessmentsTests.Assessment_Report" time="11.396" errors="0" timestamp="2021-01-17T14:43:15 EET" skipped="0">
  <testcase classname="assessmentsTests.Assessment_Report" name="openAssessmentReportsPage" time="2.057"/>
  <system-out/>
  <testcase classname="assessmentsTests.Assessment_Report" name="viewReports" time="9.339"/>
  <system-out/>
</testsuite> <!-- assessmentsTests.Assessment_Report -->
