<?xml version="1.0" encoding="UTF-8"?>
<!-- Generated by org.testng.reporters.JUnitReportReporter -->
<testsuite hostname="max" failures="0" tests="1" name="assessmentsTests.View_Assessment_list" time="9.133" errors="0" timestamp="2021-01-17T14:43:15 EET" skipped="0">
  <testcase classname="assessmentsTests.View_Assessment_list" name="openAssessmentListPage" time="9.133"/>
  <system-out/>
</testsuite> <!-- assessmentsTests.View_Assessment_list -->
