<?xml version="1.0" encoding="UTF-8"?>
<!-- Generated by org.testng.reporters.JUnitReportReporter -->
<testsuite hostname="max" failures="0" tests="2" name="tests.GradesAndExamBeforeSigninTest" time="10.584" errors="0" timestamp="2020-06-01T12:25:07 EET" skipped="1">
  <testcase classname="tests.GradesAndExamBeforeSigninTest" name="opengradespage" time="10.584"/>
  <system-out/>
  <testcase classname="tests.GradesAndExamBeforeSigninTest" name="openExamesPage">
    <skipped/>
  </testcase> <!-- openExamesPage -->
  <system-out/>
</testsuite> <!-- tests.GradesAndExamBeforeSigninTest -->
