<?xml version="1.0" encoding="UTF-8"?>
<!-- Generated by org.testng.reporters.JUnitReportReporter -->
<testsuite hostname="max" failures="0" tests="1" name="loginUserTests.SignOutTest" time="1.792" errors="0" timestamp="2021-01-17T14:43:15 EET" skipped="0">
  <testcase classname="loginUserTests.SignOutTest" name="userCanSignOut" time="1.792"/>
  <system-out/>
</testsuite> <!-- loginUserTests.SignOutTest -->
