<?xml version="1.0" encoding="UTF-8"?>
<!-- Generated by org.testng.reporters.JUnitReportReporter -->
<testsuite hostname="max" failures="0" tests="1" name="assessmentsTests.FE_SolvingMCQassessmentTest" time="5.380" errors="0" timestamp="2020-11-18T13:33:52 EET" skipped="0">
  <testcase classname="assessmentsTests.FE_SolvingMCQassessmentTest" name="openassessment" time="5.380"/>
  <system-out/>
</testsuite> <!-- assessmentsTests.FE_SolvingMCQassessmentTest -->
