<?xml version="1.0" encoding="UTF-8"?>
<!-- Generated by org.testng.reporters.JUnitReportReporter -->
<testsuite hostname="max" failures="0" tests="2" name="tests.EditMCQassessmentAnswers" time="27.664" errors="0" timestamp="2020-06-30T10:48:47 EET" skipped="0">
  <testcase classname="tests.EditMCQassessmentAnswers" name="openassessment" time="5.050"/>
  <system-out/>
  <testcase classname="tests.EditMCQassessmentAnswers" name="assessmentsolving" time="22.614"/>
  <system-out/>
</testsuite> <!-- tests.EditMCQassessmentAnswers -->
