<?xml version="1.0" encoding="UTF-8"?>
<!-- Generated by org.testng.reporters.JUnitReportReporter -->
<testsuite hostname="max" failures="0" tests="2" name="assessmentsTests.FREE_FORM_Solving" time="44.625" errors="0" timestamp="2020-11-24T09:52:43 EET" skipped="0">
  <testcase classname="assessmentsTests.FREE_FORM_Solving" name="openassessment" time="5.547"/>
  <system-out/>
  <testcase classname="assessmentsTests.FREE_FORM_Solving" name="solve_Assessment" time="39.078"/>
  <system-out/>
</testsuite> <!-- assessmentsTests.FREE_FORM_Solving -->
