<?xml version="1.0" encoding="UTF-8"?>
<!-- Generated by org.testng.reporters.JUnitReportReporter -->
<testsuite hostname="max" failures="0" tests="1" name="anonymousUserTests.AboutUsTest" time="2.355" errors="0" timestamp="2021-02-14T11:17:56 EET" skipped="0">
  <testcase classname="anonymousUserTests.AboutUsTest" name="aboutUsTest" time="2.355"/>
  <system-out/>
</testsuite> <!-- anonymousUserTests.AboutUsTest -->
