<?xml version="1.0" encoding="UTF-8"?>
<!-- Generated by org.testng.reporters.JUnitReportReporter -->
<testsuite hostname="max" failures="0" tests="4" name="loginUserTests.Play_Lesson_Video" time="64.053" errors="0" timestamp="2021-01-17T14:43:15 EET" skipped="0">
  <testcase classname="loginUserTests.Play_Lesson_Video" name="openCoursesPage" time="2.891"/>
  <system-out/>
  <testcase classname="loginUserTests.Play_Lesson_Video" name="openFirstCoursecontent" time="4.536"/>
  <system-out/>
  <testcase classname="loginUserTests.Play_Lesson_Video" name="openlessoncontent" time="12.023"/>
  <system-out/>
  <testcase classname="loginUserTests.Play_Lesson_Video" name="playLessonVideo" time="44.603"/>
  <system-out/>
</testsuite> <!-- loginUserTests.Play_Lesson_Video -->
