<?xml version="1.0" encoding="UTF-8"?>
<!-- Generated by org.testng.reporters.JUnitReportReporter -->
<testsuite hostname="max" failures="0" tests="4" name="anonymousUserTests.LessonsTest" time="27.694" errors="0" timestamp="2021-01-10T16:23:43 EET" skipped="0">
  <testcase classname="anonymousUserTests.LessonsTest" name="openlessonspage" time="1.938"/>
  <system-out/>
  <testcase classname="anonymousUserTests.LessonsTest" name="openlessonOne" time="6.391"/>
  <system-out/>
  <testcase classname="anonymousUserTests.LessonsTest" name="openLessonTwo" time="10.928"/>
  <system-out/>
  <testcase classname="anonymousUserTests.LessonsTest" name="openLessonThree" time="8.437"/>
  <system-out/>
</testsuite> <!-- anonymousUserTests.LessonsTest -->
