<?xml version="1.0" encoding="UTF-8"?>
<!-- Generated by org.testng.reporters.JUnitReportReporter -->
<testsuite hostname="max" failures="0" tests="2" name="tests.Videostest" time="33.040" errors="0" timestamp="2020-06-15T16:59:29 EET" skipped="0">
  <testcase classname="tests.Videostest" name="openvideolessons" time="31.209"/>
  <system-out/>
  <testcase classname="tests.Videostest" name="openvideolink" time="1.831"/>
  <system-out/>
</testsuite> <!-- tests.Videostest -->
