<?xml version="1.0" encoding="UTF-8"?>
<!-- Generated by org.testng.reporters.JUnitReportReporter -->
<testsuite hostname="max" failures="0" tests="28" name="anonymousUserTests.UserGuideTest" time="197.958" errors="0" timestamp="2021-01-10T16:23:43 EET" skipped="24">
  <testcase classname="anonymousUserTests.UserGuideTest" name="openusergiudepage" time="63.269"/>
  <system-out/>
  <testcase classname="anonymousUserTests.UserGuideTest" name="openAdminVideos1" time="32.309"/>
  <system-out/>
  <testcase classname="anonymousUserTests.UserGuideTest" name="openAdminVideos2" time="50.371"/>
  <system-out/>
  <testcase classname="anonymousUserTests.UserGuideTest" name="openAdminVideos3" time="52.009"/>
  <system-out/>
  <testcase classname="anonymousUserTests.UserGuideTest" name="openAdminVideos5">
    <skipped/>
  </testcase> <!-- openAdminVideos5 -->
  <system-out/>
  <testcase classname="anonymousUserTests.UserGuideTest" name="openAdminVideos7">
    <skipped/>
  </testcase> <!-- openAdminVideos7 -->
  <system-out/>
  <testcase classname="anonymousUserTests.UserGuideTest" name="openAdminVideos6">
    <skipped/>
  </testcase> <!-- openAdminVideos6 -->
  <system-out/>
  <testcase classname="anonymousUserTests.UserGuideTest" name="openAdminVideos10">
    <skipped/>
  </testcase> <!-- openAdminVideos10 -->
  <system-out/>
  <testcase classname="anonymousUserTests.UserGuideTest" name="openAdminVideos8">
    <skipped/>
  </testcase> <!-- openAdminVideos8 -->
  <system-out/>
  <testcase classname="anonymousUserTests.UserGuideTest" name="openAdminVideos11">
    <skipped/>
  </testcase> <!-- openAdminVideos11 -->
  <system-out/>
  <testcase classname="anonymousUserTests.UserGuideTest" name="openAdminVideos4">
    <skipped/>
  </testcase> <!-- openAdminVideos4 -->
  <system-out/>
  <testcase classname="anonymousUserTests.UserGuideTest" name="openAdminVideos9">
    <skipped/>
  </testcase> <!-- openAdminVideos9 -->
  <system-out/>
  <testcase classname="anonymousUserTests.UserGuideTest" name="openEducatorsVideos2">
    <skipped/>
  </testcase> <!-- openEducatorsVideos2 -->
  <system-out/>
  <testcase classname="anonymousUserTests.UserGuideTest" name="openEducatorsVideos3">
    <skipped/>
  </testcase> <!-- openEducatorsVideos3 -->
  <system-out/>
  <testcase classname="anonymousUserTests.UserGuideTest" name="openstudentVideos2">
    <skipped/>
  </testcase> <!-- openstudentVideos2 -->
  <system-out/>
  <testcase classname="anonymousUserTests.UserGuideTest" name="openEducatorsVideos4">
    <skipped/>
  </testcase> <!-- openEducatorsVideos4 -->
  <system-out/>
  <testcase classname="anonymousUserTests.UserGuideTest" name="openstudentVideos3">
    <skipped/>
  </testcase> <!-- openstudentVideos3 -->
  <system-out/>
  <testcase classname="anonymousUserTests.UserGuideTest" name="openEducatorsVideos5">
    <skipped/>
  </testcase> <!-- openEducatorsVideos5 -->
  <system-out/>
  <testcase classname="anonymousUserTests.UserGuideTest" name="openstudentVideos4">
    <skipped/>
  </testcase> <!-- openstudentVideos4 -->
  <system-out/>
  <testcase classname="anonymousUserTests.UserGuideTest" name="openstudentVideos6">
    <skipped/>
  </testcase> <!-- openstudentVideos6 -->
  <system-out/>
  <testcase classname="anonymousUserTests.UserGuideTest" name="openEducatorsVideos1">
    <skipped/>
  </testcase> <!-- openEducatorsVideos1 -->
  <system-out/>
  <testcase classname="anonymousUserTests.UserGuideTest" name="openstudentVideos1">
    <skipped/>
  </testcase> <!-- openstudentVideos1 -->
  <system-out/>
  <testcase classname="anonymousUserTests.UserGuideTest" name="openstudentVideos5">
    <skipped/>
  </testcase> <!-- openstudentVideos5 -->
  <system-out/>
  <testcase classname="anonymousUserTests.UserGuideTest" name="openEducatorsVideos6">
    <skipped/>
  </testcase> <!-- openEducatorsVideos6 -->
  <system-out/>
  <testcase classname="anonymousUserTests.UserGuideTest" name="openEducatorsVideos10">
    <skipped/>
  </testcase> <!-- openEducatorsVideos10 -->
  <system-out/>
  <testcase classname="anonymousUserTests.UserGuideTest" name="openEducatorsVideos7">
    <skipped/>
  </testcase> <!-- openEducatorsVideos7 -->
  <system-out/>
  <testcase classname="anonymousUserTests.UserGuideTest" name="openEducatorsVideos8">
    <skipped/>
  </testcase> <!-- openEducatorsVideos8 -->
  <system-out/>
  <testcase classname="anonymousUserTests.UserGuideTest" name="openEducatorsVideos9">
    <skipped/>
  </testcase> <!-- openEducatorsVideos9 -->
  <system-out/>
</testsuite> <!-- anonymousUserTests.UserGuideTest -->
