<?xml version="1.0" encoding="UTF-8"?>
<!-- Generated by org.testng.reporters.JUnitReportReporter -->
<testsuite hostname="max" failures="0" tests="4" name="tests.Assessments" time="19.056" errors="0" timestamp="2020-05-31T10:33:56 EET" skipped="0">
  <testcase classname="tests.Assessments" name="openassignmentpage" time="1.775"/>
  <system-out/>
  <testcase classname="tests.Assessments" name="solvetheassessment" time="9.899"/>
  <system-out/>
  <testcase classname="tests.Assessments" name="openassessmentpage" time="2.900"/>
  <system-out/>
  <testcase classname="tests.Assessments" name="startassessment" time="4.482"/>
  <system-out/>
</testsuite> <!-- tests.Assessments -->
