<?xml version="1.0" encoding="UTF-8"?>
<!-- Generated by org.testng.reporters.JUnitReportReporter -->
<testsuite hostname="max" failures="0" tests="3" name="coursesTests.LessonTest" time="9.282" errors="0" timestamp="2021-01-17T14:43:15 EET" skipped="0">
  <testcase classname="coursesTests.LessonTest" name="openCoursesPage" time="2.534"/>
  <system-out/>
  <testcase classname="coursesTests.LessonTest" name="openFirstCoursecontent" time="2.805"/>
  <system-out/>
  <testcase classname="coursesTests.LessonTest" name="openlessoncontent" time="3.943"/>
  <system-out/>
</testsuite> <!-- coursesTests.LessonTest -->
