<?xml version="1.0" encoding="UTF-8"?>
<!-- Generated by org.testng.reporters.JUnitReportReporter -->
<testsuite hostname="max" failures="0" tests="5" name="languageTests.BE_LanguageTest" time="3.507" errors="0" timestamp="2020-07-27T13:19:26 EET" skipped="4">
  <testcase classname="languageTests.BE_LanguageTest" name="openHomepageInENGLISHlanguage" time="3.507"/>
  <system-out/>
  <testcase classname="languageTests.BE_LanguageTest" name="openHomepageInEspanollanguage">
    <skipped/>
  </testcase> <!-- openHomepageInEspanollanguage -->
  <system-out/>
  <testcase classname="languageTests.BE_LanguageTest" name="openHomepageInFrancaislanguage">
    <skipped/>
  </testcase> <!-- openHomepageInFrancaislanguage -->
  <system-out/>
  <testcase classname="languageTests.BE_LanguageTest" name="openHomepageInARABIClanguage">
    <skipped/>
  </testcase> <!-- openHomepageInARABIClanguage -->
  <system-out/>
  <testcase classname="languageTests.BE_LanguageTest" name="openHomepageInPortugueslanguage">
    <skipped/>
  </testcase> <!-- openHomepageInPortugueslanguage -->
  <system-out/>
</testsuite> <!-- languageTests.BE_LanguageTest -->
