<?xml version="1.0" encoding="UTF-8"?>
<!-- Generated by org.testng.reporters.JUnitReportReporter -->
<testsuite hostname="max" failures="0" tests="1" name="tests.Try" time="0.767" errors="0" timestamp="2020-06-28T16:38:45 EET" skipped="0">
  <testcase classname="tests.Try" name="open" time="0.767"/>
  <system-out/>
</testsuite> <!-- tests.Try -->
