<?xml version="1.0" encoding="UTF-8"?>
<!-- Generated by org.testng.reporters.JUnitReportReporter -->
<testsuite hostname="max" failures="0" tests="1" name="tests.DownloadWorkSheet" time="14.034" errors="0" timestamp="2020-05-20T14:22:37 EET" skipped="0">
  <testcase classname="tests.DownloadWorkSheet" name="downloadworksheet" time="14.034"/>
  <system-out/>
</testsuite> <!-- tests.DownloadWorkSheet -->
