<?xml version="1.0" encoding="UTF-8"?>
<!-- Generated by org.testng.reporters.JUnitReportReporter -->
<testsuite hostname="max" failures="0" tests="5" name="tests.HomePageLanguage" time="1.338" errors="0" timestamp="2020-05-14T13:07:20 EET" skipped="4">
  <testcase classname="tests.HomePageLanguage" name="openhomepageinenglishlanguage" time="1.338"/>
  <system-out/>
  <testcase classname="tests.HomePageLanguage" name="openhomepageinEspanollanguage">
    <skipped/>
  </testcase> <!-- openhomepageinEspanollanguage -->
  <system-out/>
  <testcase classname="tests.HomePageLanguage" name="openhomepageinFrancaislanguage">
    <skipped/>
  </testcase> <!-- openhomepageinFrancaislanguage -->
  <system-out/>
  <testcase classname="tests.HomePageLanguage" name="openhomepageinPortugueslanguage">
    <skipped/>
  </testcase> <!-- openhomepageinPortugueslanguage -->
  <system-out/>
  <testcase classname="tests.HomePageLanguage" name="openhomepageinarabiclanguage">
    <skipped/>
  </testcase> <!-- openhomepageinarabiclanguage -->
  <system-out/>
</testsuite> <!-- tests.HomePageLanguage -->
