<?xml version="1.0" encoding="UTF-8"?>
<!-- Generated by org.testng.reporters.JUnitReportReporter -->
<testsuite hostname="max" failures="0" tests="1" name="tests.LanguageHomePage" time="3.407" errors="0" timestamp="2020-05-11T14:05:28 EET" skipped="0">
  <testcase classname="tests.LanguageHomePage" name="openhomepage" time="3.407"/>
  <system-out/>
</testsuite> <!-- tests.LanguageHomePage -->
