<?xml version="1.0" encoding="UTF-8"?>
<!-- Generated by org.testng.reporters.JUnitReportReporter -->
<testsuite hostname="max" failures="0" tests="2" name="tests.NewAssessmentsolving" time="24.500" errors="0" timestamp="2020-06-30T10:26:31 EET" skipped="0">
  <testcase classname="tests.NewAssessmentsolving" name="assessmentsolving" time="20.198"/>
  <system-out/>
  <testcase classname="tests.NewAssessmentsolving" name="openassessment" time="4.302"/>
  <system-out/>
</testsuite> <!-- tests.NewAssessmentsolving -->
