<?xml version="1.0" encoding="UTF-8"?>
<!-- Generated by org.testng.reporters.JUnitReportReporter -->
<testsuite hostname="max" failures="0" tests="3" name="anonymousUserTests.PortalsTest" time="23.461" errors="0" timestamp="2021-02-18T16:45:45 EET" skipped="0">
  <testcase classname="anonymousUserTests.PortalsTest" name="openportalpage" time="8.458"/>
  <system-out/>
  <testcase classname="anonymousUserTests.PortalsTest" name="viewportalpage" time="13.328"/>
  <system-out/>
  <testcase classname="anonymousUserTests.PortalsTest" name="preview_testimonials" time="1.675"/>
  <system-out/>
</testsuite> <!-- anonymousUserTests.PortalsTest -->
